c:\users\christian\desktop\uni\nueva carpeta\vj-2d\manolo\debug\vc143.pdb
c:\users\christian\desktop\uni\nueva carpeta\vj-2d\manolo\debug\vc143.idb
c:\users\christian\desktop\uni\nueva carpeta\vj-2d\manolo\debug\tilemap.obj
c:\users\christian\desktop\uni\nueva carpeta\vj-2d\manolo\debug\texture.obj
c:\users\christian\desktop\uni\nueva carpeta\vj-2d\manolo\debug\star.obj
c:\users\christian\desktop\uni\nueva carpeta\vj-2d\manolo\debug\sprite.obj
c:\users\christian\desktop\uni\nueva carpeta\vj-2d\manolo\debug\shaderprogram.obj
c:\users\christian\desktop\uni\nueva carpeta\vj-2d\manolo\debug\shader.obj
c:\users\christian\desktop\uni\nueva carpeta\vj-2d\manolo\debug\seta.obj
c:\users\christian\desktop\uni\nueva carpeta\vj-2d\manolo\debug\scene.obj
c:\users\christian\desktop\uni\nueva carpeta\vj-2d\manolo\debug\player.obj
c:\users\christian\desktop\uni\nueva carpeta\vj-2d\manolo\debug\personaje.obj
c:\users\christian\desktop\uni\nueva carpeta\vj-2d\manolo\debug\objetoentorno.obj
c:\users\christian\desktop\uni\nueva carpeta\vj-2d\manolo\debug\mainmenu.obj
c:\users\christian\desktop\uni\nueva carpeta\vj-2d\manolo\debug\main.obj
c:\users\christian\desktop\uni\nueva carpeta\vj-2d\manolo\debug\ktroopa.obj
c:\users\christian\desktop\uni\nueva carpeta\vj-2d\manolo\debug\goomba.obj
c:\users\christian\desktop\uni\nueva carpeta\vj-2d\manolo\debug\game.obj
c:\users\christian\desktop\uni\nueva carpeta\vj-2d\manolo\debug\manolo.ilk
c:\users\christian\desktop\uni\nueva carpeta\vj-2d\manolo\debug\manolo.exe
c:\users\christian\desktop\uni\nueva carpeta\vj-2d\manolo\debug\manolo.pdb
c:\users\christian\desktop\uni\nueva carpeta\vj-2d\manolo\debug\manolo.tlog\cl.command.1.tlog
c:\users\christian\desktop\uni\nueva carpeta\vj-2d\manolo\debug\manolo.tlog\cl.items.tlog
c:\users\christian\desktop\uni\nueva carpeta\vj-2d\manolo\debug\manolo.tlog\cl.read.1.tlog
c:\users\christian\desktop\uni\nueva carpeta\vj-2d\manolo\debug\manolo.tlog\cl.write.1.tlog
c:\users\christian\desktop\uni\nueva carpeta\vj-2d\manolo\debug\manolo.tlog\link.command.1.tlog
c:\users\christian\desktop\uni\nueva carpeta\vj-2d\manolo\debug\manolo.tlog\link.read.1.tlog
c:\users\christian\desktop\uni\nueva carpeta\vj-2d\manolo\debug\manolo.tlog\link.write.1.tlog
