  Game.cpp
C:\Users\mroma\OneDrive\Escriptori\UNI\7è Quadri\VJ\VJ-2D\Manolo\Game.cpp(9,23): warning C4305: 'argument': truncation from 'double' to 'GLclampf'
C:\Users\mroma\OneDrive\Escriptori\UNI\7è Quadri\VJ\VJ-2D\Manolo\Game.cpp(9,15): warning C4305: 'argument': truncation from 'double' to 'GLclampf'
  Goomba.cpp
C:\Users\mroma\OneDrive\Escriptori\UNI\7è Quadri\VJ\VJ-2D\Manolo\Goomba.cpp(45,30): warning C4244: '+=': conversion from 'double' to 'float', possible loss of data
C:\Users\mroma\OneDrive\Escriptori\UNI\7è Quadri\VJ\VJ-2D\Manolo\Goomba.cpp(53,19): warning C4244: '-=': conversion from 'float' to 'T', possible loss of data
          with
          [
              T=int
          ]
C:\Users\mroma\OneDrive\Escriptori\UNI\7è Quadri\VJ\VJ-2D\Manolo\Goomba.cpp(57,20): warning C4244: '+=': conversion from 'float' to 'T', possible loss of data
          with
          [
              T=int
          ]
C:\Users\mroma\OneDrive\Escriptori\UNI\7è Quadri\VJ\VJ-2D\Manolo\Goomba.cpp(62,19): warning C4244: '+=': conversion from 'float' to 'T', possible loss of data
          with
          [
              T=int
          ]
C:\Users\mroma\OneDrive\Escriptori\UNI\7è Quadri\VJ\VJ-2D\Manolo\Goomba.cpp(66,20): warning C4244: '-=': conversion from 'float' to 'T', possible loss of data
          with
          [
              T=int
          ]
C:\Users\mroma\OneDrive\Escriptori\UNI\7è Quadri\VJ\VJ-2D\Manolo\Goomba.cpp(50,81): warning C4390: ';': empty controlled statement found; is this the intent?
C:\Users\mroma\OneDrive\Escriptori\UNI\7è Quadri\VJ\VJ-2D\Manolo\Goomba.cpp(130,19): warning C4244: '=': conversion from 'double' to 'float', possible loss of data
C:\Users\mroma\OneDrive\Escriptori\UNI\7è Quadri\VJ\VJ-2D\Manolo\Goomba.cpp(133,19): warning C4244: '=': conversion from 'double' to 'float', possible loss of data
  Ktroopa.cpp
C:\Users\mroma\OneDrive\Escriptori\UNI\7è Quadri\VJ\VJ-2D\Manolo\Ktroopa.cpp(59,31): warning C4244: '+=': conversion from 'double' to 'float', possible loss of data
C:\Users\mroma\OneDrive\Escriptori\UNI\7è Quadri\VJ\VJ-2D\Manolo\Ktroopa.cpp(67,45): warning C4244: '+=': conversion from 'double' to 'float', possible loss of data
C:\Users\mroma\OneDrive\Escriptori\UNI\7è Quadri\VJ\VJ-2D\Manolo\Ktroopa.cpp(97,21): warning C4244: '-=': conversion from 'float' to 'T', possible loss of data
          with
          [
              T=int
          ]
C:\Users\mroma\OneDrive\Escriptori\UNI\7è Quadri\VJ\VJ-2D\Manolo\Ktroopa.cpp(101,22): warning C4244: '+=': conversion from 'float' to 'T', possible loss of data
          with
          [
              T=int
          ]
C:\Users\mroma\OneDrive\Escriptori\UNI\7è Quadri\VJ\VJ-2D\Manolo\Ktroopa.cpp(107,21): warning C4244: '+=': conversion from 'float' to 'T', possible loss of data
          with
          [
              T=int
          ]
C:\Users\mroma\OneDrive\Escriptori\UNI\7è Quadri\VJ\VJ-2D\Manolo\Ktroopa.cpp(111,22): warning C4244: '-=': conversion from 'float' to 'T', possible loss of data
          with
          [
              T=int
          ]
C:\Users\mroma\OneDrive\Escriptori\UNI\7è Quadri\VJ\VJ-2D\Manolo\Ktroopa.cpp(94,83): warning C4390: ';': empty controlled statement found; is this the intent?
C:\Users\mroma\OneDrive\Escriptori\UNI\7è Quadri\VJ\VJ-2D\Manolo\Ktroopa.cpp(177,28): warning C4244: '=': conversion from 'double' to 'int', possible loss of data
C:\Users\mroma\OneDrive\Escriptori\UNI\7è Quadri\VJ\VJ-2D\Manolo\Ktroopa.cpp(178,14): warning C4244: '=': conversion from 'double' to 'int', possible loss of data
C:\Users\mroma\OneDrive\Escriptori\UNI\7è Quadri\VJ\VJ-2D\Manolo\Ktroopa.cpp(181,20): warning C4244: '=': conversion from 'int' to 'float', possible loss of data
C:\Users\mroma\OneDrive\Escriptori\UNI\7è Quadri\VJ\VJ-2D\Manolo\Ktroopa.cpp(184,20): warning C4244: '=': conversion from 'int' to 'float', possible loss of data
C:\Users\mroma\OneDrive\Escriptori\UNI\7è Quadri\VJ\VJ-2D\Manolo\Ktroopa.cpp(192,16): warning C4244: '=': conversion from 'int' to 'float', possible loss of data
C:\Users\mroma\OneDrive\Escriptori\UNI\7è Quadri\VJ\VJ-2D\Manolo\Ktroopa.cpp(195,16): warning C4244: '=': conversion from 'int' to 'float', possible loss of data
  Menus.cpp
C:\Users\mroma\OneDrive\Escriptori\UNI\7è Quadri\VJ\VJ-2D\Manolo\Menus.cpp(128,44): warning C4244: '+=': conversion from 'double' to 'float', possible loss of data
  ObjetoEntorno.cpp
C:\Users\mroma\OneDrive\Escriptori\UNI\7è Quadri\VJ\VJ-2D\Manolo\ObjetoEntorno.cpp(41,13): warning C4244: '-=': conversion from 'float' to 'T', possible loss of data
          with
          [
              T=int
          ]
  Personaje.cpp
  Player.cpp
C:\Users\mroma\OneDrive\Escriptori\UNI\7è Quadri\VJ\VJ-2D\Manolo\Player.cpp(252,43): warning C4244: '+=': conversion from 'double' to 'float', possible loss of data
C:\Users\mroma\OneDrive\Escriptori\UNI\7è Quadri\VJ\VJ-2D\Manolo\Player.cpp(287,35): warning C4244: '+=': conversion from 'double' to 'float', possible loss of data
C:\Users\mroma\OneDrive\Escriptori\UNI\7è Quadri\VJ\VJ-2D\Manolo\Player.cpp(289,19): warning C4244: '-=': conversion from 'float' to 'T', possible loss of data
          with
          [
              T=int
          ]
C:\Users\mroma\OneDrive\Escriptori\UNI\7è Quadri\VJ\VJ-2D\Manolo\Player.cpp(292,19): warning C4244: '+=': conversion from 'float' to 'T', possible loss of data
          with
          [
              T=int
          ]
C:\Users\mroma\OneDrive\Escriptori\UNI\7è Quadri\VJ\VJ-2D\Manolo\Player.cpp(305,19): warning C4244: '+=': conversion from 'float' to 'T', possible loss of data
          with
          [
              T=int
          ]
C:\Users\mroma\OneDrive\Escriptori\UNI\7è Quadri\VJ\VJ-2D\Manolo\Player.cpp(311,19): warning C4244: '+=': conversion from 'float' to 'T', possible loss of data
          with
          [
              T=int
          ]
C:\Users\mroma\OneDrive\Escriptori\UNI\7è Quadri\VJ\VJ-2D\Manolo\Player.cpp(314,19): warning C4244: '+=': conversion from 'float' to 'T', possible loss of data
          with
          [
              T=int
          ]
C:\Users\mroma\OneDrive\Escriptori\UNI\7è Quadri\VJ\VJ-2D\Manolo\Player.cpp(320,19): warning C4244: '+=': conversion from 'float' to 'T', possible loss of data
          with
          [
              T=int
          ]
C:\Users\mroma\OneDrive\Escriptori\UNI\7è Quadri\VJ\VJ-2D\Manolo\Player.cpp(348,35): warning C4244: '+=': conversion from 'double' to 'float', possible loss of data
C:\Users\mroma\OneDrive\Escriptori\UNI\7è Quadri\VJ\VJ-2D\Manolo\Player.cpp(359,36): warning C4244: '+=': conversion from 'double' to 'float', possible loss of data
C:\Users\mroma\OneDrive\Escriptori\UNI\7è Quadri\VJ\VJ-2D\Manolo\Player.cpp(364,35): warning C4244: '+=': conversion from 'double' to 'float', possible loss of data
C:\Users\mroma\OneDrive\Escriptori\UNI\7è Quadri\VJ\VJ-2D\Manolo\Player.cpp(396,19): warning C4244: '-=': conversion from 'float' to 'T', possible loss of data
          with
          [
              T=int
          ]
C:\Users\mroma\OneDrive\Escriptori\UNI\7è Quadri\VJ\VJ-2D\Manolo\Player.cpp(404,21): warning C4244: '+=': conversion from 'float' to 'T', possible loss of data
          with
          [
              T=int
          ]
C:\Users\mroma\OneDrive\Escriptori\UNI\7è Quadri\VJ\VJ-2D\Manolo\Player.cpp(406,25): warning C4244: '+=': conversion from 'float' to 'T', possible loss of data
          with
          [
              T=int
          ]
C:\Users\mroma\OneDrive\Escriptori\UNI\7è Quadri\VJ\VJ-2D\Manolo\Player.cpp(416,26): warning C4244: '+=': conversion from 'float' to 'int', possible loss of data
C:\Users\mroma\OneDrive\Escriptori\UNI\7è Quadri\VJ\VJ-2D\Manolo\Player.cpp(418,24): warning C4244: '+=': conversion from 'float' to 'T', possible loss of data
          with
          [
              T=int
          ]
C:\Users\mroma\OneDrive\Escriptori\UNI\7è Quadri\VJ\VJ-2D\Manolo\Player.cpp(424,89): warning C4244: '-=': conversion from 'float' to 'int', possible loss of data
C:\Users\mroma\OneDrive\Escriptori\UNI\7è Quadri\VJ\VJ-2D\Manolo\Player.cpp(425,25): warning C4244: '-=': conversion from 'float' to 'T', possible loss of data
          with
          [
              T=int
          ]
C:\Users\mroma\OneDrive\Escriptori\UNI\7è Quadri\VJ\VJ-2D\Manolo\Player.cpp(445,27): warning C4244: '+=': conversion from 'float' to 'int', possible loss of data
C:\Users\mroma\OneDrive\Escriptori\UNI\7è Quadri\VJ\VJ-2D\Manolo\Player.cpp(447,25): warning C4244: '+=': conversion from 'float' to 'T', possible loss of data
          with
          [
              T=int
          ]
C:\Users\mroma\OneDrive\Escriptori\UNI\7è Quadri\VJ\VJ-2D\Manolo\Player.cpp(453,90): warning C4244: '-=': conversion from 'float' to 'int', possible loss of data
C:\Users\mroma\OneDrive\Escriptori\UNI\7è Quadri\VJ\VJ-2D\Manolo\Player.cpp(454,26): warning C4244: '-=': conversion from 'float' to 'T', possible loss of data
          with
          [
              T=int
          ]
C:\Users\mroma\OneDrive\Escriptori\UNI\7è Quadri\VJ\VJ-2D\Manolo\Player.cpp(463,20): warning C4244: '-=': conversion from 'float' to 'T', possible loss of data
          with
          [
              T=int
          ]
C:\Users\mroma\OneDrive\Escriptori\UNI\7è Quadri\VJ\VJ-2D\Manolo\Player.cpp(469,21): warning C4244: '+=': conversion from 'float' to 'T', possible loss of data
          with
          [
              T=int
          ]
  Scene.cpp
C:\Users\mroma\OneDrive\Escriptori\UNI\7è Quadri\VJ\VJ-2D\Manolo\Scene.cpp(656,21): warning C4018: '<': signed/unsigned mismatch
C:\Users\mroma\OneDrive\Escriptori\UNI\7è Quadri\VJ\VJ-2D\Manolo\Scene.cpp(694,37): warning C4244: '+=': conversion from 'double' to 'float', possible loss of data
C:\Users\mroma\OneDrive\Escriptori\UNI\7è Quadri\VJ\VJ-2D\Manolo\Scene.cpp(704,33): warning C4244: '+=': conversion from 'double' to 'float', possible loss of data
C:\Users\mroma\OneDrive\Escriptori\UNI\7è Quadri\VJ\VJ-2D\Manolo\Scene.cpp(729,60): warning C4244: 'argument': conversion from 'float' to 'int', possible loss of data
C:\Users\mroma\OneDrive\Escriptori\UNI\7è Quadri\VJ\VJ-2D\Manolo\Scene.cpp(733,60): warning C4244: 'argument': conversion from 'float' to 'int', possible loss of data
C:\Users\mroma\OneDrive\Escriptori\UNI\7è Quadri\VJ\VJ-2D\Manolo\Scene.cpp(737,60): warning C4244: 'argument': conversion from 'float' to 'int', possible loss of data
C:\Users\mroma\OneDrive\Escriptori\UNI\7è Quadri\VJ\VJ-2D\Manolo\Scene.cpp(741,60): warning C4244: 'argument': conversion from 'float' to 'int', possible loss of data
C:\Users\mroma\OneDrive\Escriptori\UNI\7è Quadri\VJ\VJ-2D\Manolo\Scene.cpp(897,33): warning C4244: 'argument': conversion from 'double' to 'irrklang::ik_u32', possible loss of data
C:\Users\mroma\OneDrive\Escriptori\UNI\7è Quadri\VJ\VJ-2D\Manolo\Scene.cpp(907,23): warning C4244: 'initializing': conversion from 'float' to 'int', possible loss of data
C:\Users\mroma\OneDrive\Escriptori\UNI\7è Quadri\VJ\VJ-2D\Manolo\Scene.cpp(922,41): warning C4244: '+=': conversion from 'double' to 'float', possible loss of data
C:\Users\mroma\OneDrive\Escriptori\UNI\7è Quadri\VJ\VJ-2D\Manolo\Scene.cpp(932,33): warning C4244: 'argument': conversion from 'double' to 'irrklang::ik_u32', possible loss of data
C:\Users\mroma\OneDrive\Escriptori\UNI\7è Quadri\VJ\VJ-2D\Manolo\Scene.cpp(942,23): warning C4244: 'initializing': conversion from 'float' to 'int', possible loss of data
C:\Users\mroma\OneDrive\Escriptori\UNI\7è Quadri\VJ\VJ-2D\Manolo\Scene.cpp(957,41): warning C4244: '+=': conversion from 'double' to 'float', possible loss of data
  Seta.cpp
C:\Users\mroma\OneDrive\Escriptori\UNI\7è Quadri\VJ\VJ-2D\Manolo\Seta.cpp(38,29): warning C4244: '+=': conversion from 'double' to 'float', possible loss of data
C:\Users\mroma\OneDrive\Escriptori\UNI\7è Quadri\VJ\VJ-2D\Manolo\Seta.cpp(45,19): warning C4244: '-=': conversion from 'float' to 'T', possible loss of data
          with
          [
              T=int
          ]
C:\Users\mroma\OneDrive\Escriptori\UNI\7è Quadri\VJ\VJ-2D\Manolo\Seta.cpp(49,20): warning C4244: '+=': conversion from 'float' to 'T', possible loss of data
          with
          [
              T=int
          ]
C:\Users\mroma\OneDrive\Escriptori\UNI\7è Quadri\VJ\VJ-2D\Manolo\Seta.cpp(54,19): warning C4244: '+=': conversion from 'float' to 'T', possible loss of data
          with
          [
              T=int
          ]
C:\Users\mroma\OneDrive\Escriptori\UNI\7è Quadri\VJ\VJ-2D\Manolo\Seta.cpp(58,20): warning C4244: '-=': conversion from 'float' to 'T', possible loss of data
          with
          [
              T=int
          ]
C:\Users\mroma\OneDrive\Escriptori\UNI\7è Quadri\VJ\VJ-2D\Manolo\Seta.cpp(42,81): warning C4390: ';': empty controlled statement found; is this the intent?
  Star.cpp
C:\Users\mroma\OneDrive\Escriptori\UNI\7è Quadri\VJ\VJ-2D\Manolo\Star.cpp(47,29): warning C4244: '+=': conversion from 'double' to 'float', possible loss of data
C:\Users\mroma\OneDrive\Escriptori\UNI\7è Quadri\VJ\VJ-2D\Manolo\Star.cpp(81,19): warning C4244: '-=': conversion from 'float' to 'T', possible loss of data
          with
          [
              T=int
          ]
C:\Users\mroma\OneDrive\Escriptori\UNI\7è Quadri\VJ\VJ-2D\Manolo\Star.cpp(85,20): warning C4244: '+=': conversion from 'float' to 'T', possible loss of data
          with
          [
              T=int
          ]
C:\Users\mroma\OneDrive\Escriptori\UNI\7è Quadri\VJ\VJ-2D\Manolo\Star.cpp(90,19): warning C4244: '+=': conversion from 'float' to 'T', possible loss of data
          with
          [
              T=int
          ]
C:\Users\mroma\OneDrive\Escriptori\UNI\7è Quadri\VJ\VJ-2D\Manolo\Star.cpp(94,20): warning C4244: '-=': conversion from 'float' to 'T', possible loss of data
          with
          [
              T=int
          ]
C:\Users\mroma\OneDrive\Escriptori\UNI\7è Quadri\VJ\VJ-2D\Manolo\Star.cpp(129,19): warning C4244: '=': conversion from 'double' to 'float', possible loss of data
C:\Users\mroma\OneDrive\Escriptori\UNI\7è Quadri\VJ\VJ-2D\Manolo\Star.cpp(132,19): warning C4244: '=': conversion from 'double' to 'float', possible loss of data
  TileMap.cpp
C:\Users\mroma\OneDrive\Escriptori\UNI\7è Quadri\VJ\VJ-2D\Manolo\TileMap.cpp(65,7): warning C4101: 'tile': unreferenced local variable
C:\Users\mroma\OneDrive\Escriptori\UNI\7è Quadri\VJ\VJ-2D\Manolo\TileMap.cpp(288,15): error C2955: 'std::map': use of class template requires template argument list
C:\Program Files\Microsoft Visual Studio\2022\Community\VC\Tools\MSVC\14.37.32822\include\map(73,1): message : see declaration of 'std::map'
  main.cpp
  Generating Code...
